Experiment 1/20, Episode 1/20000, Total Avg. Reward: 0.01, 100 Eps Avg. Reward: 0.01, Total Avg. Diff: 0.01, 100 Eps Diff: 0.01, Successful Detections: 2.00, 100 Eps Successful Detections: 2.00
Experiment 1/20, Episode 101/20000, Total Avg. Reward: 0.06, 100 Eps Avg. Reward: 0.06, Total Avg. Diff: 0.07, 100 Eps Diff: 0.07, Successful Detections: 2.09, 100 Eps Successful Detections: 2.09
Experiment 1/20, Episode 201/20000, Total Avg. Reward: 0.01, 100 Eps Avg. Reward: -0.04, Total Avg. Diff: 0.04, 100 Eps Diff: 0.01, Successful Detections: 2.03, 100 Eps Successful Detections: 1.97
Experiment 1/20, Episode 301/20000, Total Avg. Reward: 0.04, 100 Eps Avg. Reward: 0.08, Total Avg. Diff: 0.06, 100 Eps Diff: 0.10, Successful Detections: 2.05, 100 Eps Successful Detections: 2.10
Experiment 1/20, Episode 401/20000, Total Avg. Reward: 0.07, 100 Eps Avg. Reward: 0.16, Total Avg. Diff: 0.10, 100 Eps Diff: 0.20, Successful Detections: 2.11, 100 Eps Successful Detections: 2.28
Experiment 1/20, Episode 501/20000, Total Avg. Reward: 0.08, 100 Eps Avg. Reward: 0.15, Total Avg. Diff: 0.12, 100 Eps Diff: 0.20, Successful Detections: 2.16, 100 Eps Successful Detections: 2.38
Experiment 1/20, Episode 601/20000, Total Avg. Reward: 0.08, 100 Eps Avg. Reward: 0.08, Total Avg. Diff: 0.12, 100 Eps Diff: 0.13, Successful Detections: 2.15, 100 Eps Successful Detections: 2.07
Experiment 1/20, Episode 701/20000, Total Avg. Reward: 0.10, 100 Eps Avg. Reward: 0.22, Total Avg. Diff: 0.14, 100 Eps Diff: 0.26, Successful Detections: 2.19, 100 Eps Successful Detections: 2.43
Experiment 1/20, Episode 801/20000, Total Avg. Reward: 0.11, 100 Eps Avg. Reward: 0.13, Total Avg. Diff: 0.14, 100 Eps Diff: 0.17, Successful Detections: 2.18, 100 Eps Successful Detections: 2.15
Traceback (most recent call last):
  File "/home/ubuntu/RL-Preprocessing/DDPG_processor.py", line 141, in <module>
    original_detections = env.detector.detect_objects(env.detector.preprocess_image_array(env.original_image))
                          ^^^^^^^^^^^^^^^^^^^^^^^^^^^^^^^^^^^^^^^^^^^^^^^^^^^^^^^^^^^^^^^^^^^^^^^^^^^^^^^^^^^^
  File "/home/ubuntu/RL-Preprocessing/objectDetectorCNN.py", line 47, in detect_objects
    results = self.model(image_tensor, verbose=False)  # Run inference on the image tensor
              ^^^^^^^^^^^^^^^^^^^^^^^^^^^^^^^^^^^^^^^
  File "/opt/conda/envs/pytorch/lib/python3.11/site-packages/ultralytics/engine/model.py", line 182, in __call__
    return self.predict(source, stream, **kwargs)
           ^^^^^^^^^^^^^^^^^^^^^^^^^^^^^^^^^^^^^^
  File "/opt/conda/envs/pytorch/lib/python3.11/site-packages/ultralytics/engine/model.py", line 550, in predict
    return self.predictor.predict_cli(source=source) if is_cli else self.predictor(source=source, stream=stream)
                                                                    ^^^^^^^^^^^^^^^^^^^^^^^^^^^^^^^^^^^^^^^^^^^^
  File "/opt/conda/envs/pytorch/lib/python3.11/site-packages/ultralytics/engine/predictor.py", line 216, in __call__
    return list(self.stream_inference(source, model, *args, **kwargs))  # merge list of Result into one
           ^^^^^^^^^^^^^^^^^^^^^^^^^^^^^^^^^^^^^^^^^^^^^^^^^^^^^^^^^^^
  File "/opt/conda/envs/pytorch/lib/python3.11/site-packages/torch/utils/_contextlib.py", line 36, in generator_context
    response = gen.send(None)
               ^^^^^^^^^^^^^^
  File "/opt/conda/envs/pytorch/lib/python3.11/site-packages/ultralytics/engine/predictor.py", line 325, in stream_inference
    preds = self.inference(im, *args, **kwargs)
            ^^^^^^^^^^^^^^^^^^^^^^^^^^^^^^^^^^^
  File "/opt/conda/envs/pytorch/lib/python3.11/site-packages/ultralytics/engine/predictor.py", line 171, in inference
    return self.model(im, augment=self.args.augment, visualize=visualize, embed=self.args.embed, *args, **kwargs)
           ^^^^^^^^^^^^^^^^^^^^^^^^^^^^^^^^^^^^^^^^^^^^^^^^^^^^^^^^^^^^^^^^^^^^^^^^^^^^^^^^^^^^^^^^^^^^^^^^^^^^^^
  File "/opt/conda/envs/pytorch/lib/python3.11/site-packages/torch/nn/modules/module.py", line 1553, in _wrapped_call_impl
    return self._call_impl(*args, **kwargs)
           ^^^^^^^^^^^^^^^^^^^^^^^^^^^^^^^^
  File "/opt/conda/envs/pytorch/lib/python3.11/site-packages/torch/nn/modules/module.py", line 1562, in _call_impl
    return forward_call(*args, **kwargs)
           ^^^^^^^^^^^^^^^^^^^^^^^^^^^^^
  File "/opt/conda/envs/pytorch/lib/python3.11/site-packages/ultralytics/nn/autobackend.py", line 581, in forward
    y = self.model(im, augment=augment, visualize=visualize, embed=embed, **kwargs)
        ^^^^^^^^^^^^^^^^^^^^^^^^^^^^^^^^^^^^^^^^^^^^^^^^^^^^^^^^^^^^^^^^^^^^^^^^^^^
  File "/opt/conda/envs/pytorch/lib/python3.11/site-packages/torch/nn/modules/module.py", line 1553, in _wrapped_call_impl
    return self._call_impl(*args, **kwargs)
           ^^^^^^^^^^^^^^^^^^^^^^^^^^^^^^^^
  File "/opt/conda/envs/pytorch/lib/python3.11/site-packages/torch/nn/modules/module.py", line 1562, in _call_impl
    return forward_call(*args, **kwargs)
           ^^^^^^^^^^^^^^^^^^^^^^^^^^^^^
  File "/opt/conda/envs/pytorch/lib/python3.11/site-packages/ultralytics/nn/tasks.py", line 120, in forward
    return self.predict(x, *args, **kwargs)
           ^^^^^^^^^^^^^^^^^^^^^^^^^^^^^^^^
  File "/opt/conda/envs/pytorch/lib/python3.11/site-packages/ultralytics/nn/tasks.py", line 138, in predict
    return self._predict_once(x, profile, visualize, embed)
           ^^^^^^^^^^^^^^^^^^^^^^^^^^^^^^^^^^^^^^^^^^^^^^^^
  File "/opt/conda/envs/pytorch/lib/python3.11/site-packages/ultralytics/nn/tasks.py", line 159, in _predict_once
    x = m(x)  # run
        ^^^^
  File "/opt/conda/envs/pytorch/lib/python3.11/site-packages/torch/nn/modules/module.py", line 1553, in _wrapped_call_impl
    return self._call_impl(*args, **kwargs)
           ^^^^^^^^^^^^^^^^^^^^^^^^^^^^^^^^
  File "/opt/conda/envs/pytorch/lib/python3.11/site-packages/torch/nn/modules/module.py", line 1562, in _call_impl
    return forward_call(*args, **kwargs)
           ^^^^^^^^^^^^^^^^^^^^^^^^^^^^^
  File "/opt/conda/envs/pytorch/lib/python3.11/site-packages/ultralytics/nn/modules/conv.py", line 91, in forward_fuse
    return self.act(self.conv(x))
                    ^^^^^^^^^^^^
  File "/opt/conda/envs/pytorch/lib/python3.11/site-packages/torch/nn/modules/module.py", line 1553, in _wrapped_call_impl
    return self._call_impl(*args, **kwargs)
           ^^^^^^^^^^^^^^^^^^^^^^^^^^^^^^^^
  File "/opt/conda/envs/pytorch/lib/python3.11/site-packages/torch/nn/modules/module.py", line 1562, in _call_impl
    return forward_call(*args, **kwargs)
           ^^^^^^^^^^^^^^^^^^^^^^^^^^^^^
  File "/opt/conda/envs/pytorch/lib/python3.11/site-packages/torch/nn/modules/conv.py", line 458, in forward
    return self._conv_forward(input, self.weight, self.bias)
           ^^^^^^^^^^^^^^^^^^^^^^^^^^^^^^^^^^^^^^^^^^^^^^^^^
  File "/opt/conda/envs/pytorch/lib/python3.11/site-packages/torch/nn/modules/conv.py", line 454, in _conv_forward
    return F.conv2d(input, weight, bias, self.stride,
           ^^^^^^^^^^^^^^^^^^^^^^^^^^^^^^^^^^^^^^^^^^
KeyboardInterrupt
